<?xml version="1.0" encoding="UTF-8"?>
<!-- Generated by org.testng.reporters.JUnitReportReporter -->
<testsuite hostname="DESKTOP-1U6MN8S" failures="0" tests="1" name="RestAssuredTests.UserDetails" time="6.900" errors="0" timestamp="2022-08-29T11:47:18 IST" skipped="0">
  <testcase classname="RestAssuredTests.UserDetails" name="POST_User_From_JSON_file" time="6.900"/>
  <system-out/>
</testsuite> <!-- RestAssuredTests.UserDetails -->
